<?xml version="1.0" encoding="UTF-8"?>
<!-- Generated by org.testng.reporters.JUnitReportReporter -->
<testsuite hostname="USER-20160229XJ" name="com.test.ParaResetApiTest.AppTest" tests="1" failures="0" timestamp="6 Aug 2018 02:08:19 GMT" time="0.003" errors="0">
  <testcase name="shouldAnswerWithTrue" time="0.003" classname="com.test.ParaResetApiTest.AppTest"/>
</testsuite> <!-- com.test.ParaResetApiTest.AppTest -->
