<?xml version="1.0" encoding="UTF-8"?>
<!-- Generated by org.testng.reporters.JUnitReportReporter -->
<testsuite hostname="USER-20160229XJ" name="com.test.util.CSVReadWrite" tests="1" failures="0" timestamp="1 Aug 2018 03:50:41 GMT" time="0.099" errors="0">
  <testcase name="writecsv" time="0.099" classname="com.test.util.CSVReadWrite"/>
</testsuite> <!-- com.test.util.CSVReadWrite -->
