<?xml version="1.0" encoding="UTF-8"?>
<!-- Generated by org.testng.reporters.JUnitReportReporter -->
<testsuite hostname="USER-20160229XJ" name="com.test.RestAssuredApiTest.PostTest" tests="1" failures="0" timestamp="1 Aug 2018 09:38:47 GMT" time="1.701" errors="0">
  <testcase name="test001" time="1.701" classname="com.test.RestAssuredApiTest.PostTest"/>
</testsuite> <!-- com.test.RestAssuredApiTest.PostTest -->
