<?xml version="1.0" encoding="UTF-8"?>
<testsuite xmlns:xsi="http://www.w3.org/2001/XMLSchema-instance" xsi:noNamespaceSchemaLocation="https://maven.apache.org/surefire/maven-surefire-plugin/xsd/surefire-test-report.xsd" name="com.test.ParaResetApiTest.AppTest" time="0.265" tests="1" errors="0" skipped="0" failures="0">
  <properties>
    <property name="sun.desktop" value="windows"/>
    <property name="awt.toolkit" value="sun.awt.windows.WToolkit"/>
    <property name="file.encoding.pkg" value="sun.io"/>
    <property name="java.specification.version" value="1.8"/>
    <property name="sun.cpu.isalist" value="amd64"/>
    <property name="sun.jnu.encoding" value="GBK"/>
    <property name="java.class.path" value="F:\workspace\ParaResetApiApplicationTest\target\test-classes;F:\workspace\ParaResetApiApplicationTest\target\classes;F:\mavenrepository\junit\junit\4.11\junit-4.11.jar;F:\mavenrepository\org\hamcrest\hamcrest-core\1.3\hamcrest-core-1.3.jar;F:\mavenrepository\net\sourceforge\javacsv\javacsv\2.0\javacsv-2.0.jar;F:\mavenrepository\org\webjars\npm\md5\2.2.1\md5-2.2.1.jar;F:\mavenrepository\org\webjars\npm\charenc\0.0.2\charenc-0.0.2.jar;F:\mavenrepository\org\webjars\npm\crypt\0.0.2\crypt-0.0.2.jar;F:\mavenrepository\org\webjars\npm\is-buffer\1.1.6\is-buffer-1.1.6.jar;F:\mavenrepository\org\testng\testng\6.9.9\testng-6.9.9.jar;F:\mavenrepository\com\beust\jcommander\1.48\jcommander-1.48.jar;F:\mavenrepository\org\apache\ant\ant\1.7.0\ant-1.7.0.jar;F:\mavenrepository\org\apache\ant\ant-launcher\1.7.0\ant-launcher-1.7.0.jar;F:\mavenrepository\org\yaml\snakeyaml\1.15\snakeyaml-1.15.jar;F:\mavenrepository\org\beanshell\bsh\2.0b4\bsh-2.0b4.jar;F:\mavenrepository\io\rest-assured\rest-assured\3.1.0\rest-assured-3.1.0.jar;F:\mavenrepository\org\codehaus\groovy\groovy\2.4.12\groovy-2.4.12.jar;F:\mavenrepository\org\codehaus\groovy\groovy-xml\2.4.12\groovy-xml-2.4.12.jar;F:\mavenrepository\org\apache\httpcomponents\httpclient\4.5.3\httpclient-4.5.3.jar;F:\mavenrepository\org\apache\httpcomponents\httpcore\4.4.6\httpcore-4.4.6.jar;F:\mavenrepository\commons-logging\commons-logging\1.2\commons-logging-1.2.jar;F:\mavenrepository\commons-codec\commons-codec\1.9\commons-codec-1.9.jar;F:\mavenrepository\org\apache\httpcomponents\httpmime\4.5.1\httpmime-4.5.1.jar;F:\mavenrepository\org\hamcrest\hamcrest-library\1.3\hamcrest-library-1.3.jar;F:\mavenrepository\org\ccil\cowan\tagsoup\tagsoup\1.2.1\tagsoup-1.2.1.jar;F:\mavenrepository\io\rest-assured\json-path\3.1.0\json-path-3.1.0.jar;F:\mavenrepository\org\codehaus\groovy\groovy-json\2.4.12\groovy-json-2.4.12.jar;F:\mavenrepository\io\rest-assured\rest-assured-common\3.1.0\rest-assured-common-3.1.0.jar;F:\mavenrepository\io\rest-assured\xml-path\3.1.0\xml-path-3.1.0.jar;F:\mavenrepository\org\apache\commons\commons-lang3\3.4\commons-lang3-3.4.jar;F:\mavenrepository\javax\xml\bind\jaxb-api\2.2.12\jaxb-api-2.2.12.jar;F:\mavenrepository\org\apache\maven\plugins\maven-war-plugin\3.0.0\maven-war-plugin-3.0.0.jar;F:\mavenrepository\org\apache\maven\maven-plugin-api\3.0\maven-plugin-api-3.0.jar;F:\mavenrepository\org\apache\maven\maven-model\3.0\maven-model-3.0.jar;F:\mavenrepository\org\apache\maven\maven-artifact\3.0\maven-artifact-3.0.jar;F:\mavenrepository\org\sonatype\sisu\sisu-inject-plexus\1.4.2\sisu-inject-plexus-1.4.2.jar;F:\mavenrepository\org\sonatype\sisu\sisu-inject-bean\1.4.2\sisu-inject-bean-1.4.2.jar;F:\mavenrepository\org\sonatype\sisu\sisu-guice\2.1.7\sisu-guice-2.1.7-noaop.jar;F:\mavenrepository\org\apache\maven\maven-core\3.0\maven-core-3.0.jar;F:\mavenrepository\org\apache\maven\maven-settings\3.0\maven-settings-3.0.jar;F:\mavenrepository\org\apache\maven\maven-settings-builder\3.0\maven-settings-builder-3.0.jar;F:\mavenrepository\org\apache\maven\maven-repository-metadata\3.0\maven-repository-metadata-3.0.jar;F:\mavenrepository\org\apache\maven\maven-model-builder\3.0\maven-model-builder-3.0.jar;F:\mavenrepository\org\apache\maven\maven-aether-provider\3.0\maven-aether-provider-3.0.jar;F:\mavenrepository\org\sonatype\aether\aether-impl\1.7\aether-impl-1.7.jar;F:\mavenrepository\org\sonatype\aether\aether-spi\1.7\aether-spi-1.7.jar;F:\mavenrepository\org\sonatype\aether\aether-api\1.7\aether-api-1.7.jar;F:\mavenrepository\org\sonatype\aether\aether-util\1.7\aether-util-1.7.jar;F:\mavenrepository\org\codehaus\plexus\plexus-classworlds\2.2.3\plexus-classworlds-2.2.3.jar;F:\mavenrepository\org\codehaus\plexus\plexus-component-annotations\1.5.5\plexus-component-annotations-1.5.5.jar;F:\mavenrepository\org\sonatype\plexus\plexus-sec-dispatcher\1.3\plexus-sec-dispatcher-1.3.jar;F:\mavenrepository\org\sonatype\plexus\plexus-cipher\1.4\plexus-cipher-1.4.jar;F:\mavenrepository\org\apache\maven\maven-archiver\3.1.1\maven-archiver-3.1.1.jar;F:\mavenrepository\org\apache\maven\shared\maven-shared-utils\3.0.1\maven-shared-utils-3.0.1.jar;F:\mavenrepository\commons-io\commons-io\2.5\commons-io-2.5.jar;F:\mavenrepository\org\codehaus\plexus\plexus-archiver\3.4\plexus-archiver-3.4.jar;F:\mavenrepository\org\codehaus\plexus\plexus-io\2.7.1\plexus-io-2.7.1.jar;F:\mavenrepository\org\apache\commons\commons-compress\1.11\commons-compress-1.11.jar;F:\mavenrepository\org\iq80\snappy\snappy\0.4\snappy-0.4.jar;F:\mavenrepository\org\tukaani\xz\1.5\xz-1.5.jar;F:\mavenrepository\org\codehaus\plexus\plexus-interpolation\1.22\plexus-interpolation-1.22.jar;F:\mavenrepository\com\thoughtworks\xstream\xstream\1.4.9\xstream-1.4.9.jar;F:\mavenrepository\xmlpull\xmlpull\1.1.3.1\xmlpull-1.1.3.1.jar;F:\mavenrepository\xpp3\xpp3_min\1.1.4c\xpp3_min-1.1.4c.jar;F:\mavenrepository\org\codehaus\plexus\plexus-utils\3.0.24\plexus-utils-3.0.24.jar;F:\mavenrepository\org\apache\maven\shared\maven-filtering\3.1.1\maven-filtering-3.1.1.jar;F:\mavenrepository\org\sonatype\plexus\plexus-build-api\0.0.7\plexus-build-api-0.0.7.jar;F:\mavenrepository\org\apache\maven\shared\maven-mapping\3.0.0\maven-mapping-3.0.0.jar;F:\mavenrepository\org\apache\maven\surefire\surefire-testng-utils\2.20.1\surefire-testng-utils-2.20.1.jar;F:\mavenrepository\org\apache\maven\surefire\surefire-grouper\2.20.1\surefire-grouper-2.20.1.jar;"/>
    <property name="java.vm.vendor" value="Oracle Corporation"/>
    <property name="sun.arch.data.model" value="64"/>
    <property name="user.variant" value=""/>
    <property name="java.vendor.url" value="http://java.oracle.com/"/>
    <property name="user.timezone" value=""/>
    <property name="java.vm.specification.version" value="1.8"/>
    <property name="os.name" value="Windows 7"/>
    <property name="user.country" value="CN"/>
    <property name="sun.java.launcher" value="SUN_STANDARD"/>
    <property name="sun.boot.library.path" value="C:\Program Files\Java\jdk1.8.0_73\jre\bin"/>
    <property name="sun.java.command" value="C:\Users\ADMINI~1\AppData\Local\Temp\surefire8033144550651006689\surefirebooter6846641634287034975.jar C:\Users\Administrator\AppData\Local\Temp\surefire8033144550651006689 2018-08-06T10-08-18_536-jvmRun1 surefire9134754195952119538tmp surefire_07501239887426944099tmp"/>
    <property name="surefire.test.class.path" value="F:\workspace\ParaResetApiApplicationTest\target\test-classes;F:\workspace\ParaResetApiApplicationTest\target\classes;F:\mavenrepository\junit\junit\4.11\junit-4.11.jar;F:\mavenrepository\org\hamcrest\hamcrest-core\1.3\hamcrest-core-1.3.jar;F:\mavenrepository\net\sourceforge\javacsv\javacsv\2.0\javacsv-2.0.jar;F:\mavenrepository\org\webjars\npm\md5\2.2.1\md5-2.2.1.jar;F:\mavenrepository\org\webjars\npm\charenc\0.0.2\charenc-0.0.2.jar;F:\mavenrepository\org\webjars\npm\crypt\0.0.2\crypt-0.0.2.jar;F:\mavenrepository\org\webjars\npm\is-buffer\1.1.6\is-buffer-1.1.6.jar;F:\mavenrepository\org\testng\testng\6.9.9\testng-6.9.9.jar;F:\mavenrepository\com\beust\jcommander\1.48\jcommander-1.48.jar;F:\mavenrepository\org\apache\ant\ant\1.7.0\ant-1.7.0.jar;F:\mavenrepository\org\apache\ant\ant-launcher\1.7.0\ant-launcher-1.7.0.jar;F:\mavenrepository\org\yaml\snakeyaml\1.15\snakeyaml-1.15.jar;F:\mavenrepository\org\beanshell\bsh\2.0b4\bsh-2.0b4.jar;F:\mavenrepository\io\rest-assured\rest-assured\3.1.0\rest-assured-3.1.0.jar;F:\mavenrepository\org\codehaus\groovy\groovy\2.4.12\groovy-2.4.12.jar;F:\mavenrepository\org\codehaus\groovy\groovy-xml\2.4.12\groovy-xml-2.4.12.jar;F:\mavenrepository\org\apache\httpcomponents\httpclient\4.5.3\httpclient-4.5.3.jar;F:\mavenrepository\org\apache\httpcomponents\httpcore\4.4.6\httpcore-4.4.6.jar;F:\mavenrepository\commons-logging\commons-logging\1.2\commons-logging-1.2.jar;F:\mavenrepository\commons-codec\commons-codec\1.9\commons-codec-1.9.jar;F:\mavenrepository\org\apache\httpcomponents\httpmime\4.5.1\httpmime-4.5.1.jar;F:\mavenrepository\org\hamcrest\hamcrest-library\1.3\hamcrest-library-1.3.jar;F:\mavenrepository\org\ccil\cowan\tagsoup\tagsoup\1.2.1\tagsoup-1.2.1.jar;F:\mavenrepository\io\rest-assured\json-path\3.1.0\json-path-3.1.0.jar;F:\mavenrepository\org\codehaus\groovy\groovy-json\2.4.12\groovy-json-2.4.12.jar;F:\mavenrepository\io\rest-assured\rest-assured-common\3.1.0\rest-assured-common-3.1.0.jar;F:\mavenrepository\io\rest-assured\xml-path\3.1.0\xml-path-3.1.0.jar;F:\mavenrepository\org\apache\commons\commons-lang3\3.4\commons-lang3-3.4.jar;F:\mavenrepository\javax\xml\bind\jaxb-api\2.2.12\jaxb-api-2.2.12.jar;F:\mavenrepository\org\apache\maven\plugins\maven-war-plugin\3.0.0\maven-war-plugin-3.0.0.jar;F:\mavenrepository\org\apache\maven\maven-plugin-api\3.0\maven-plugin-api-3.0.jar;F:\mavenrepository\org\apache\maven\maven-model\3.0\maven-model-3.0.jar;F:\mavenrepository\org\apache\maven\maven-artifact\3.0\maven-artifact-3.0.jar;F:\mavenrepository\org\sonatype\sisu\sisu-inject-plexus\1.4.2\sisu-inject-plexus-1.4.2.jar;F:\mavenrepository\org\sonatype\sisu\sisu-inject-bean\1.4.2\sisu-inject-bean-1.4.2.jar;F:\mavenrepository\org\sonatype\sisu\sisu-guice\2.1.7\sisu-guice-2.1.7-noaop.jar;F:\mavenrepository\org\apache\maven\maven-core\3.0\maven-core-3.0.jar;F:\mavenrepository\org\apache\maven\maven-settings\3.0\maven-settings-3.0.jar;F:\mavenrepository\org\apache\maven\maven-settings-builder\3.0\maven-settings-builder-3.0.jar;F:\mavenrepository\org\apache\maven\maven-repository-metadata\3.0\maven-repository-metadata-3.0.jar;F:\mavenrepository\org\apache\maven\maven-model-builder\3.0\maven-model-builder-3.0.jar;F:\mavenrepository\org\apache\maven\maven-aether-provider\3.0\maven-aether-provider-3.0.jar;F:\mavenrepository\org\sonatype\aether\aether-impl\1.7\aether-impl-1.7.jar;F:\mavenrepository\org\sonatype\aether\aether-spi\1.7\aether-spi-1.7.jar;F:\mavenrepository\org\sonatype\aether\aether-api\1.7\aether-api-1.7.jar;F:\mavenrepository\org\sonatype\aether\aether-util\1.7\aether-util-1.7.jar;F:\mavenrepository\org\codehaus\plexus\plexus-classworlds\2.2.3\plexus-classworlds-2.2.3.jar;F:\mavenrepository\org\codehaus\plexus\plexus-component-annotations\1.5.5\plexus-component-annotations-1.5.5.jar;F:\mavenrepository\org\sonatype\plexus\plexus-sec-dispatcher\1.3\plexus-sec-dispatcher-1.3.jar;F:\mavenrepository\org\sonatype\plexus\plexus-cipher\1.4\plexus-cipher-1.4.jar;F:\mavenrepository\org\apache\maven\maven-archiver\3.1.1\maven-archiver-3.1.1.jar;F:\mavenrepository\org\apache\maven\shared\maven-shared-utils\3.0.1\maven-shared-utils-3.0.1.jar;F:\mavenrepository\commons-io\commons-io\2.5\commons-io-2.5.jar;F:\mavenrepository\org\codehaus\plexus\plexus-archiver\3.4\plexus-archiver-3.4.jar;F:\mavenrepository\org\codehaus\plexus\plexus-io\2.7.1\plexus-io-2.7.1.jar;F:\mavenrepository\org\apache\commons\commons-compress\1.11\commons-compress-1.11.jar;F:\mavenrepository\org\iq80\snappy\snappy\0.4\snappy-0.4.jar;F:\mavenrepository\org\tukaani\xz\1.5\xz-1.5.jar;F:\mavenrepository\org\codehaus\plexus\plexus-interpolation\1.22\plexus-interpolation-1.22.jar;F:\mavenrepository\com\thoughtworks\xstream\xstream\1.4.9\xstream-1.4.9.jar;F:\mavenrepository\xmlpull\xmlpull\1.1.3.1\xmlpull-1.1.3.1.jar;F:\mavenrepository\xpp3\xpp3_min\1.1.4c\xpp3_min-1.1.4c.jar;F:\mavenrepository\org\codehaus\plexus\plexus-utils\3.0.24\plexus-utils-3.0.24.jar;F:\mavenrepository\org\apache\maven\shared\maven-filtering\3.1.1\maven-filtering-3.1.1.jar;F:\mavenrepository\org\sonatype\plexus\plexus-build-api\0.0.7\plexus-build-api-0.0.7.jar;F:\mavenrepository\org\apache\maven\shared\maven-mapping\3.0.0\maven-mapping-3.0.0.jar;F:\mavenrepository\org\apache\maven\surefire\surefire-testng-utils\2.20.1\surefire-testng-utils-2.20.1.jar;F:\mavenrepository\org\apache\maven\surefire\surefire-grouper\2.20.1\surefire-grouper-2.20.1.jar;"/>
    <property name="sun.cpu.endian" value="little"/>
    <property name="user.home" value="C:\Users\Administrator"/>
    <property name="user.language" value="zh"/>
    <property name="java.specification.vendor" value="Oracle Corporation"/>
    <property name="java.home" value="C:\Program Files\Java\jdk1.8.0_73\jre"/>
    <property name="basedir" value="F:\workspace\ParaResetApiApplicationTest"/>
    <property name="file.separator" value="\"/>
    <property name="line.separator" value="&#10;"/>
    <property name="java.vm.specification.vendor" value="Oracle Corporation"/>
    <property name="java.specification.name" value="Java Platform API Specification"/>
    <property name="java.awt.graphicsenv" value="sun.awt.Win32GraphicsEnvironment"/>
    <property name="surefire.real.class.path" value="C:\Users\ADMINI~1\AppData\Local\Temp\surefire8033144550651006689\surefirebooter6846641634287034975.jar"/>
    <property name="sun.boot.class.path" value="C:\Program Files\Java\jdk1.8.0_73\jre\lib\resources.jar;C:\Program Files\Java\jdk1.8.0_73\jre\lib\rt.jar;C:\Program Files\Java\jdk1.8.0_73\jre\lib\sunrsasign.jar;C:\Program Files\Java\jdk1.8.0_73\jre\lib\jsse.jar;C:\Program Files\Java\jdk1.8.0_73\jre\lib\jce.jar;C:\Program Files\Java\jdk1.8.0_73\jre\lib\charsets.jar;C:\Program Files\Java\jdk1.8.0_73\jre\lib\jfr.jar;C:\Program Files\Java\jdk1.8.0_73\jre\classes"/>
    <property name="user.script" value=""/>
    <property name="sun.management.compiler" value="HotSpot 64-Bit Tiered Compilers"/>
    <property name="java.runtime.version" value="1.8.0_73-b02"/>
    <property name="user.name" value="Administrator"/>
    <property name="path.separator" value=";"/>
    <property name="os.version" value="6.1"/>
    <property name="java.endorsed.dirs" value="C:\Program Files\Java\jdk1.8.0_73\jre\lib\endorsed"/>
    <property name="java.runtime.name" value="Java(TM) SE Runtime Environment"/>
    <property name="file.encoding" value="GBK"/>
    <property name="java.vm.name" value="Java HotSpot(TM) 64-Bit Server VM"/>
    <property name="localRepository" value="F:\mavenrepository"/>
    <property name="java.vendor.url.bug" value="http://bugreport.sun.com/bugreport/"/>
    <property name="java.io.tmpdir" value="C:\Users\ADMINI~1\AppData\Local\Temp\"/>
    <property name="java.version" value="1.8.0_73"/>
    <property name="user.dir" value="F:\workspace\ParaResetApiApplicationTest"/>
    <property name="os.arch" value="amd64"/>
    <property name="java.vm.specification.name" value="Java Virtual Machine Specification"/>
    <property name="java.awt.printerjob" value="sun.awt.windows.WPrinterJob"/>
    <property name="sun.os.patch.level" value="Service Pack 1"/>
    <property name="java.library.path" value="C:\Program Files\Java\jdk1.8.0_73\jre\bin;C:\Windows\Sun\Java\bin;C:\Windows\system32;C:\Windows;C:/Program Files/Java/jre1.8.0_73/bin/server;C:/Program Files/Java/jre1.8.0_73/bin;C:/Program Files/Java/jre1.8.0_73/lib/amd64;C:\ProgramData\Oracle\Java\javapath;C:\Windows\system32;C:\Windows;C:\Windows\System32\Wbem;C:\Windows\System32\WindowsPowerShell\v1.0\;C:\Program Files\TortoiseSVN\bin;C:\Program Files\Java\jdk1.8.0_73\bin;C:\Program Files\Java\jdk1.8.0_73\jre\bin;E:\adt-bundle-windows-x86_64-20140321\sdk\platform-tools;E:\adt-bundle-windows-x86_64-20140321\sdk\tools;E:\adt-bundle-windows-x86_64-20140321\sdk\tools\ant\bin;C:\Program Files\mysql\mysql-5.6.24-winx64\bin;F:\workspace\gradle-4.8.1/bin;F:\Program Files\nodejs\;F:\workspace\gradle-4.8.1\bin;F:\Python3Install\Scripts;F:\Python3Install;F:\maveninstall\apache-maven-3.5.4\bin;F:\Program Files\nodejs;C:\Users\Administrator\AppData\Local\GitHubDesktop\bin;E:\adt-bundle-windows-x86_64-20140321\eclipse;;."/>
    <property name="java.vm.info" value="mixed mode"/>
    <property name="java.vendor" value="Oracle Corporation"/>
    <property name="java.vm.version" value="25.73-b02"/>
    <property name="java.ext.dirs" value="C:\Program Files\Java\jdk1.8.0_73\jre\lib\ext;C:\Windows\Sun\Java\lib\ext"/>
    <property name="sun.io.unicode.encoding" value="UnicodeLittle"/>
    <property name="java.class.version" value="52.0"/>
  </properties>
  <testcase name="shouldAnswerWithTrue on shouldAnswerWithTrue(com.test.ParaResetApiTest.AppTest)" classname="com.test.ParaResetApiTest.AppTest" time="0.001"/>
</testsuite>