<?xml version="1.0" encoding="UTF-8"?>
<!-- Generated by org.testng.reporters.JUnitReportReporter -->
<testsuite hostname="USER-20160229XJ" name="com.test.peisongapi.PeiSongApiTest" tests="1" failures="0" timestamp="4 Aug 2018 09:06:49 GMT" time="2.167" errors="0">
  <testcase name="apit" time="2.167" classname="com.test.peisongapi.PeiSongApiTest"/>
</testsuite> <!-- com.test.peisongapi.PeiSongApiTest -->
